<?xml version="1.0" encoding="UTF-8"?>
<testsuite name="CodeSharingPlatformTest" tests="1" skipped="0" failures="1" errors="0" timestamp="2021-04-19T06:10:57" hostname="Vitaliys-MacBook-Pro-2.local" time="4.679">
  <properties/>
  <testcase name="start" classname="CodeSharingPlatformTest" time="4.679">
    <failure message="java.lang.AssertionError: Wrong answer in test #2&#10;&#10;The JSON object at key id is incorrect, found &quot;1&quot;&#10;&#10;Full JSON:&#10;{&#10;  &quot;id&quot;: &quot;1&quot;&#10;}&#10;&#10;Please find below the output of your program during this failed test.&#10;&#10;---&#10;&#10;&#10;  .   ____          _            __ _ _&#10; /\\ / ___'_ __ _ _(_)_ __  __ _ \ \ \ \&#10;( ( )\___ | '_ | '_| | '_ \/ _` | \ \ \ \&#10; \\/  ___)| |_)| | | | | || (_| |  ) ) ) )&#10;  '  |____| .__|_| |_|_| |_\__, | / / / /&#10; =========|_|==============|___/=/_/_/_/&#10; :: Spring Boot ::        (v2.3.3.RELEASE)&#10;&#10;2021-04-19 09:10:57.961  INFO 50372 --- [    Test worker] platform.CodeSharingPlatform             : Starting CodeSharingPlatform on Vitaliys-MacBook-Pro-2.local with PID 50372 (started by vetal in /Users/vetal/Developing/study/java_rush/Code Sharing Platform/Code Sharing Platform/task)&#10;2021-04-19 09:10:57.963  INFO 50372 --- [    Test worker] platform.CodeSharingPlatform             : No active profile set, falling back to default profiles: default&#10;2021-04-19 09:10:58.802  INFO 50372 --- [    Test worker] .s.d.r.c.RepositoryConfigurationDelegate : Bootstrapping Spring Data JPA repositories in DEFERRED mode.&#10;2021-04-19 09:10:58.859  INFO 50372 --- [    Test worker] .s.d.r.c.RepositoryConfigurationDelegate : Finished Spring Data repository scanning in 48ms. Found 1 JPA repository interfaces.&#10;2021-04-19 09:10:59.283  INFO 50372 --- [    Test worker] o.s.b.w.embedded.tomcat.TomcatWebServer  : Tomcat initialized with port(s): 8889 (http)&#10;2021-04-19 09:10:59.294  INFO 50372 --- [    Test worker] o.apache.catalina.core.StandardService   : Starting service [Tomcat]&#10;2021-04-19 09:10:59.294  INFO 50372 --- [    Test worker] org.apache.catalina.core.StandardEngine  : Starting Servlet engine: [Apache Tomcat/9.0.37]&#10;2021-04-19 09:10:59.400  INFO 50372 --- [    Test worker] o.a.c.c.C.[Tomcat].[localhost].[/]       : Initializing Spring embedded WebApplicationContext&#10;2021-04-19 09:10:59.401  INFO 50372 --- [    Test worker] w.s.c.ServletWebServerApplicationContext : Root WebApplicationContext: initialization completed in 1395 ms&#10;2021-04-19 09:10:59.523  INFO 50372 --- [    Test worker] com.zaxxer.hikari.HikariDataSource       : HikariPool-1 - Starting...&#10;2021-04-19 09:10:59.722  INFO 50372 --- [    Test worker] com.zaxxer.hikari.HikariDataSource       : HikariPool-1 - Start completed.&#10;2021-04-19 09:10:59.732  INFO 50372 --- [    Test worker] o.s.b.a.h2.H2ConsoleAutoConfiguration    : H2 console available at '/h2'. Database available at 'jdbc:h2:file:../snippets'&#10;2021-04-19 09:10:59.944  INFO 50372 --- [    Test worker] o.s.s.concurrent.ThreadPoolTaskExecutor  : Initializing ExecutorService 'applicationTaskExecutor'&#10;2021-04-19 09:10:59.992  INFO 50372 --- [         task-1] o.hibernate.jpa.internal.util.LogHelper  : HHH000204: Processing PersistenceUnitInfo [name: default]&#10;2021-04-19 09:11:00.024  WARN 50372 --- [    Test worker] JpaBaseConfiguration$JpaWebConfiguration : spring.jpa.open-in-view is enabled by default. Therefore, database queries may be performed during view rendering. Explicitly configure spring.jpa.open-in-view to disable this warning&#10;2021-04-19 09:11:00.065  INFO 50372 --- [         task-1] org.hibernate.Version                    : HHH000412: Hibernate ORM core version 5.4.20.Final&#10;2021-04-19 09:11:00.268  INFO 50372 --- [         task-1] o.hibernate.annotations.common.Version   : HCANN000001: Hibernate Commons Annotations {5.1.0.Final}&#10;2021-04-19 09:11:00.426  INFO 50372 --- [         task-1] org.hibernate.dialect.Dialect            : HHH000400: Using dialect: org.hibernate.dialect.H2Dialect&#10;2021-04-19 09:11:01.132  INFO 50372 --- [         task-1] o.h.e.t.j.p.i.JtaPlatformInitiator       : HHH000490: Using JtaPlatform implementation: [org.hibernate.engine.transaction.jta.platform.internal.NoJtaPlatform]&#10;2021-04-19 09:11:01.145  INFO 50372 --- [         task-1] j.LocalContainerEntityManagerFactoryBean : Initialized JPA EntityManagerFactory for persistence unit 'default'&#10;2021-04-19 09:11:01.298  WARN 50372 --- [    Test worker] o.s.b.a.f.FreeMarkerAutoConfiguration    : Cannot find template location(s): [classpath:/templates/] (please add some templates, check your FreeMarker configuration, or set spring.freemarker.checkTemplateLocation=false)&#10;2021-04-19 09:11:01.325  INFO 50372 --- [    Test worker] o.s.b.a.e.web.EndpointLinksResolver      : Exposing 14 endpoint(s) beneath base path '/actuator'&#10;2021-04-19 09:11:01.369  INFO 50372 --- [    Test worker] o.s.b.w.embedded.tomcat.TomcatWebServer  : Tomcat started on port(s): 8889 (http) with context path ''&#10;2021-04-19 09:11:01.370  INFO 50372 --- [    Test worker] DeferredRepositoryInitializationListener : Triggering deferred initialization of Spring Data repositories…&#10;2021-04-19 09:11:01.649  INFO 50372 --- [    Test worker] DeferredRepositoryInitializationListener : Spring Data repositories initialized!&#10;2021-04-19 09:11:01.671  INFO 50372 --- [    Test worker] platform.CodeSharingPlatform             : Started CodeSharingPlatform in 3.979 seconds (JVM running for 4.583)&#10;2021-04-19 09:11:01.965  INFO 50372 --- [nio-8889-exec-1] o.a.c.c.C.[Tomcat].[localhost].[/]       : Initializing Spring DispatcherServlet 'dispatcherServlet'&#10;2021-04-19 09:11:01.965  INFO 50372 --- [nio-8889-exec-1] o.s.web.servlet.DispatcherServlet        : Initializing Servlet 'dispatcherServlet'&#10;2021-04-19 09:11:01.972  INFO 50372 --- [nio-8889-exec-1] o.s.web.servlet.DispatcherServlet        : Completed initialization in 7 ms&#10;2021-04-19 09:11:02.018  INFO 50372 --- [nio-8889-exec-1] platform.MainController                  : endPoint=code" type="java.lang.AssertionError">java.lang.AssertionError: Wrong answer in test #2

The JSON object at key id is incorrect, found &quot;1&quot;

Full JSON:
{
  &quot;id&quot;: &quot;1&quot;
}

Please find below the output of your program during this failed test.

---


  .   ____          _            __ _ _
 /\\ / ___'_ __ _ _(_)_ __  __ _ \ \ \ \
( ( )\___ | '_ | '_| | '_ \/ _` | \ \ \ \
 \\/  ___)| |_)| | | | | || (_| |  ) ) ) )
  '  |____| .__|_| |_|_| |_\__, | / / / /
 =========|_|==============|___/=/_/_/_/
 :: Spring Boot ::        (v2.3.3.RELEASE)

2021-04-19 09:10:57.961  INFO 50372 --- [    Test worker] platform.CodeSharingPlatform             : Starting CodeSharingPlatform on Vitaliys-MacBook-Pro-2.local with PID 50372 (started by vetal in /Users/vetal/Developing/study/java_rush/Code Sharing Platform/Code Sharing Platform/task)
2021-04-19 09:10:57.963  INFO 50372 --- [    Test worker] platform.CodeSharingPlatform             : No active profile set, falling back to default profiles: default
2021-04-19 09:10:58.802  INFO 50372 --- [    Test worker] .s.d.r.c.RepositoryConfigurationDelegate : Bootstrapping Spring Data JPA repositories in DEFERRED mode.
2021-04-19 09:10:58.859  INFO 50372 --- [    Test worker] .s.d.r.c.RepositoryConfigurationDelegate : Finished Spring Data repository scanning in 48ms. Found 1 JPA repository interfaces.
2021-04-19 09:10:59.283  INFO 50372 --- [    Test worker] o.s.b.w.embedded.tomcat.TomcatWebServer  : Tomcat initialized with port(s): 8889 (http)
2021-04-19 09:10:59.294  INFO 50372 --- [    Test worker] o.apache.catalina.core.StandardService   : Starting service [Tomcat]
2021-04-19 09:10:59.294  INFO 50372 --- [    Test worker] org.apache.catalina.core.StandardEngine  : Starting Servlet engine: [Apache Tomcat/9.0.37]
2021-04-19 09:10:59.400  INFO 50372 --- [    Test worker] o.a.c.c.C.[Tomcat].[localhost].[/]       : Initializing Spring embedded WebApplicationContext
2021-04-19 09:10:59.401  INFO 50372 --- [    Test worker] w.s.c.ServletWebServerApplicationContext : Root WebApplicationContext: initialization completed in 1395 ms
2021-04-19 09:10:59.523  INFO 50372 --- [    Test worker] com.zaxxer.hikari.HikariDataSource       : HikariPool-1 - Starting...
2021-04-19 09:10:59.722  INFO 50372 --- [    Test worker] com.zaxxer.hikari.HikariDataSource       : HikariPool-1 - Start completed.
2021-04-19 09:10:59.732  INFO 50372 --- [    Test worker] o.s.b.a.h2.H2ConsoleAutoConfiguration    : H2 console available at '/h2'. Database available at 'jdbc:h2:file:../snippets'
2021-04-19 09:10:59.944  INFO 50372 --- [    Test worker] o.s.s.concurrent.ThreadPoolTaskExecutor  : Initializing ExecutorService 'applicationTaskExecutor'
2021-04-19 09:10:59.992  INFO 50372 --- [         task-1] o.hibernate.jpa.internal.util.LogHelper  : HHH000204: Processing PersistenceUnitInfo [name: default]
2021-04-19 09:11:00.024  WARN 50372 --- [    Test worker] JpaBaseConfiguration$JpaWebConfiguration : spring.jpa.open-in-view is enabled by default. Therefore, database queries may be performed during view rendering. Explicitly configure spring.jpa.open-in-view to disable this warning
2021-04-19 09:11:00.065  INFO 50372 --- [         task-1] org.hibernate.Version                    : HHH000412: Hibernate ORM core version 5.4.20.Final
2021-04-19 09:11:00.268  INFO 50372 --- [         task-1] o.hibernate.annotations.common.Version   : HCANN000001: Hibernate Commons Annotations {5.1.0.Final}
2021-04-19 09:11:00.426  INFO 50372 --- [         task-1] org.hibernate.dialect.Dialect            : HHH000400: Using dialect: org.hibernate.dialect.H2Dialect
2021-04-19 09:11:01.132  INFO 50372 --- [         task-1] o.h.e.t.j.p.i.JtaPlatformInitiator       : HHH000490: Using JtaPlatform implementation: [org.hibernate.engine.transaction.jta.platform.internal.NoJtaPlatform]
2021-04-19 09:11:01.145  INFO 50372 --- [         task-1] j.LocalContainerEntityManagerFactoryBean : Initialized JPA EntityManagerFactory for persistence unit 'default'
2021-04-19 09:11:01.298  WARN 50372 --- [    Test worker] o.s.b.a.f.FreeMarkerAutoConfiguration    : Cannot find template location(s): [classpath:/templates/] (please add some templates, check your FreeMarker configuration, or set spring.freemarker.checkTemplateLocation=false)
2021-04-19 09:11:01.325  INFO 50372 --- [    Test worker] o.s.b.a.e.web.EndpointLinksResolver      : Exposing 14 endpoint(s) beneath base path '/actuator'
2021-04-19 09:11:01.369  INFO 50372 --- [    Test worker] o.s.b.w.embedded.tomcat.TomcatWebServer  : Tomcat started on port(s): 8889 (http) with context path ''
2021-04-19 09:11:01.370  INFO 50372 --- [    Test worker] DeferredRepositoryInitializationListener : Triggering deferred initialization of Spring Data repositories…
2021-04-19 09:11:01.649  INFO 50372 --- [    Test worker] DeferredRepositoryInitializationListener : Spring Data repositories initialized!
2021-04-19 09:11:01.671  INFO 50372 --- [    Test worker] platform.CodeSharingPlatform             : Started CodeSharingPlatform in 3.979 seconds (JVM running for 4.583)
2021-04-19 09:11:01.965  INFO 50372 --- [nio-8889-exec-1] o.a.c.c.C.[Tomcat].[localhost].[/]       : Initializing Spring DispatcherServlet 'dispatcherServlet'
2021-04-19 09:11:01.965  INFO 50372 --- [nio-8889-exec-1] o.s.web.servlet.DispatcherServlet        : Initializing Servlet 'dispatcherServlet'
2021-04-19 09:11:01.972  INFO 50372 --- [nio-8889-exec-1] o.s.web.servlet.DispatcherServlet        : Completed initialization in 7 ms
2021-04-19 09:11:02.018  INFO 50372 --- [nio-8889-exec-1] platform.MainController                  : endPoint=code
	at org.junit.Assert.fail(Assert.java:88)
	at org.hyperskill.hstest.stage.StageTest.start(StageTest.java:131)
	at java.base/jdk.internal.reflect.NativeMethodAccessorImpl.invoke0(Native Method)
	at java.base/jdk.internal.reflect.NativeMethodAccessorImpl.invoke(NativeMethodAccessorImpl.java:62)
	at java.base/jdk.internal.reflect.DelegatingMethodAccessorImpl.invoke(DelegatingMethodAccessorImpl.java:43)
	at java.base/java.lang.reflect.Method.invoke(Method.java:564)
	at org.junit.runners.model.FrameworkMethod$1.runReflectiveCall(FrameworkMethod.java:50)
	at org.junit.internal.runners.model.ReflectiveCallable.run(ReflectiveCallable.java:12)
	at org.junit.runners.model.FrameworkMethod.invokeExplosively(FrameworkMethod.java:47)
	at org.junit.internal.runners.statements.InvokeMethod.evaluate(InvokeMethod.java:17)
	at org.junit.internal.runners.statements.RunAfters.evaluate(RunAfters.java:27)
	at org.junit.runners.ParentRunner.runLeaf(ParentRunner.java:325)
	at org.junit.runners.BlockJUnit4ClassRunner.runChild(BlockJUnit4ClassRunner.java:78)
	at org.junit.runners.BlockJUnit4ClassRunner.runChild(BlockJUnit4ClassRunner.java:57)
	at org.junit.runners.ParentRunner$3.run(ParentRunner.java:290)
	at org.junit.runners.ParentRunner$1.schedule(ParentRunner.java:71)
	at org.junit.runners.ParentRunner.runChildren(ParentRunner.java:288)
	at org.junit.runners.ParentRunner.access$000(ParentRunner.java:58)
	at org.junit.runners.ParentRunner$2.evaluate(ParentRunner.java:268)
	at org.junit.runners.ParentRunner.run(ParentRunner.java:363)
	at org.gradle.api.internal.tasks.testing.junit.JUnitTestClassExecutor.runTestClass(JUnitTestClassExecutor.java:110)
	at org.gradle.api.internal.tasks.testing.junit.JUnitTestClassExecutor.execute(JUnitTestClassExecutor.java:58)
	at org.gradle.api.internal.tasks.testing.junit.JUnitTestClassExecutor.execute(JUnitTestClassExecutor.java:38)
	at org.gradle.api.internal.tasks.testing.junit.AbstractJUnitTestClassProcessor.processTestClass(AbstractJUnitTestClassProcessor.java:62)
	at org.gradle.api.internal.tasks.testing.SuiteTestClassProcessor.processTestClass(SuiteTestClassProcessor.java:51)
	at java.base/jdk.internal.reflect.NativeMethodAccessorImpl.invoke0(Native Method)
	at java.base/jdk.internal.reflect.NativeMethodAccessorImpl.invoke(NativeMethodAccessorImpl.java:62)
	at java.base/jdk.internal.reflect.DelegatingMethodAccessorImpl.invoke(DelegatingMethodAccessorImpl.java:43)
	at java.base/java.lang.reflect.Method.invoke(Method.java:564)
	at org.gradle.internal.dispatch.ReflectionDispatch.dispatch(ReflectionDispatch.java:36)
	at org.gradle.internal.dispatch.ReflectionDispatch.dispatch(ReflectionDispatch.java:24)
	at org.gradle.internal.dispatch.ContextClassLoaderDispatch.dispatch(ContextClassLoaderDispatch.java:33)
	at org.gradle.internal.dispatch.ProxyDispatchAdapter$DispatchingInvocationHandler.invoke(ProxyDispatchAdapter.java:94)
	at com.sun.proxy.$Proxy2.processTestClass(Unknown Source)
	at org.gradle.api.internal.tasks.testing.worker.TestWorker.processTestClass(TestWorker.java:119)
	at java.base/jdk.internal.reflect.NativeMethodAccessorImpl.invoke0(Native Method)
	at java.base/jdk.internal.reflect.NativeMethodAccessorImpl.invoke(NativeMethodAccessorImpl.java:62)
	at java.base/jdk.internal.reflect.DelegatingMethodAccessorImpl.invoke(DelegatingMethodAccessorImpl.java:43)
	at java.base/java.lang.reflect.Method.invoke(Method.java:564)
	at org.gradle.internal.dispatch.ReflectionDispatch.dispatch(ReflectionDispatch.java:36)
	at org.gradle.internal.dispatch.ReflectionDispatch.dispatch(ReflectionDispatch.java:24)
	at org.gradle.internal.remote.internal.hub.MessageHubBackedObjectConnection$DispatchWrapper.dispatch(MessageHubBackedObjectConnection.java:182)
	at org.gradle.internal.remote.internal.hub.MessageHubBackedObjectConnection$DispatchWrapper.dispatch(MessageHubBackedObjectConnection.java:164)
	at org.gradle.internal.remote.internal.hub.MessageHub$Handler.run(MessageHub.java:414)
	at org.gradle.internal.concurrent.ExecutorPolicy$CatchAndRecordFailures.onExecute(ExecutorPolicy.java:64)
	at org.gradle.internal.concurrent.ManagedExecutorImpl$1.run(ManagedExecutorImpl.java:48)
	at java.base/java.util.concurrent.ThreadPoolExecutor.runWorker(ThreadPoolExecutor.java:1130)
	at java.base/java.util.concurrent.ThreadPoolExecutor$Worker.run(ThreadPoolExecutor.java:630)
	at org.gradle.internal.concurrent.ThreadFactoryImpl$ManagedThreadRunnable.run(ThreadFactoryImpl.java:56)
	at java.base/java.lang.Thread.run(Thread.java:832)
</failure>
  </testcase>
  <system-out><![CDATA[?[1;31m
Start test 1?[0m

  .   ____          _            __ _ _
 /\\ / ___'_ __ _ _(_)_ __  __ _ \ \ \ \
( ( )\___ | '_ | '_| | '_ \/ _` | \ \ \ \
 \\/  ___)| |_)| | | | | || (_| |  ) ) ) )
  '  |____| .__|_| |_|_| |_\__, | / / / /
 =========|_|==============|___/=/_/_/_/
 :: Spring Boot ::        (v2.3.3.RELEASE)

2021-04-19 09:10:57.961  INFO 50372 --- [    Test worker] platform.CodeSharingPlatform             : Starting CodeSharingPlatform on Vitaliys-MacBook-Pro-2.local with PID 50372 (started by vetal in /Users/vetal/Developing/study/java_rush/Code Sharing Platform/Code Sharing Platform/task)
2021-04-19 09:10:57.963  INFO 50372 --- [    Test worker] platform.CodeSharingPlatform             : No active profile set, falling back to default profiles: default
2021-04-19 09:10:58.802  INFO 50372 --- [    Test worker] .s.d.r.c.RepositoryConfigurationDelegate : Bootstrapping Spring Data JPA repositories in DEFERRED mode.
2021-04-19 09:10:58.859  INFO 50372 --- [    Test worker] .s.d.r.c.RepositoryConfigurationDelegate : Finished Spring Data repository scanning in 48ms. Found 1 JPA repository interfaces.
2021-04-19 09:10:59.283  INFO 50372 --- [    Test worker] o.s.b.w.embedded.tomcat.TomcatWebServer  : Tomcat initialized with port(s): 8889 (http)
2021-04-19 09:10:59.294  INFO 50372 --- [    Test worker] o.apache.catalina.core.StandardService   : Starting service [Tomcat]
2021-04-19 09:10:59.294  INFO 50372 --- [    Test worker] org.apache.catalina.core.StandardEngine  : Starting Servlet engine: [Apache Tomcat/9.0.37]
2021-04-19 09:10:59.400  INFO 50372 --- [    Test worker] o.a.c.c.C.[Tomcat].[localhost].[/]       : Initializing Spring embedded WebApplicationContext
2021-04-19 09:10:59.401  INFO 50372 --- [    Test worker] w.s.c.ServletWebServerApplicationContext : Root WebApplicationContext: initialization completed in 1395 ms
2021-04-19 09:10:59.523  INFO 50372 --- [    Test worker] com.zaxxer.hikari.HikariDataSource       : HikariPool-1 - Starting...
2021-04-19 09:10:59.722  INFO 50372 --- [    Test worker] com.zaxxer.hikari.HikariDataSource       : HikariPool-1 - Start completed.
2021-04-19 09:10:59.732  INFO 50372 --- [    Test worker] o.s.b.a.h2.H2ConsoleAutoConfiguration    : H2 console available at '/h2'. Database available at 'jdbc:h2:file:../snippets'
2021-04-19 09:10:59.944  INFO 50372 --- [    Test worker] o.s.s.concurrent.ThreadPoolTaskExecutor  : Initializing ExecutorService 'applicationTaskExecutor'
2021-04-19 09:10:59.992  INFO 50372 --- [         task-1] o.hibernate.jpa.internal.util.LogHelper  : HHH000204: Processing PersistenceUnitInfo [name: default]
2021-04-19 09:11:00.024  WARN 50372 --- [    Test worker] JpaBaseConfiguration$JpaWebConfiguration : spring.jpa.open-in-view is enabled by default. Therefore, database queries may be performed during view rendering. Explicitly configure spring.jpa.open-in-view to disable this warning
2021-04-19 09:11:00.065  INFO 50372 --- [         task-1] org.hibernate.Version                    : HHH000412: Hibernate ORM core version 5.4.20.Final
2021-04-19 09:11:00.268  INFO 50372 --- [         task-1] o.hibernate.annotations.common.Version   : HCANN000001: Hibernate Commons Annotations {5.1.0.Final}
2021-04-19 09:11:00.426  INFO 50372 --- [         task-1] org.hibernate.dialect.Dialect            : HHH000400: Using dialect: org.hibernate.dialect.H2Dialect
2021-04-19 09:11:01.132  INFO 50372 --- [         task-1] o.h.e.t.j.p.i.JtaPlatformInitiator       : HHH000490: Using JtaPlatform implementation: [org.hibernate.engine.transaction.jta.platform.internal.NoJtaPlatform]
2021-04-19 09:11:01.145  INFO 50372 --- [         task-1] j.LocalContainerEntityManagerFactoryBean : Initialized JPA EntityManagerFactory for persistence unit 'default'
2021-04-19 09:11:01.298  WARN 50372 --- [    Test worker] o.s.b.a.f.FreeMarkerAutoConfiguration    : Cannot find template location(s): [classpath:/templates/] (please add some templates, check your FreeMarker configuration, or set spring.freemarker.checkTemplateLocation=false)
2021-04-19 09:11:01.325  INFO 50372 --- [    Test worker] o.s.b.a.e.web.EndpointLinksResolver      : Exposing 14 endpoint(s) beneath base path '/actuator'
2021-04-19 09:11:01.369  INFO 50372 --- [    Test worker] o.s.b.w.embedded.tomcat.TomcatWebServer  : Tomcat started on port(s): 8889 (http) with context path ''
2021-04-19 09:11:01.370  INFO 50372 --- [    Test worker] DeferredRepositoryInitializationListener : Triggering deferred initialization of Spring Data repositories…
2021-04-19 09:11:01.649  INFO 50372 --- [    Test worker] DeferredRepositoryInitializationListener : Spring Data repositories initialized!
2021-04-19 09:11:01.671  INFO 50372 --- [    Test worker] platform.CodeSharingPlatform             : Started CodeSharingPlatform in 3.979 seconds (JVM running for 4.583)
2021-04-19 09:11:01.965  INFO 50372 --- [nio-8889-exec-1] o.a.c.c.C.[Tomcat].[localhost].[/]       : Initializing Spring DispatcherServlet 'dispatcherServlet'
2021-04-19 09:11:01.965  INFO 50372 --- [nio-8889-exec-1] o.s.web.servlet.DispatcherServlet        : Initializing Servlet 'dispatcherServlet'
2021-04-19 09:11:01.972  INFO 50372 --- [nio-8889-exec-1] o.s.web.servlet.DispatcherServlet        : Completed initialization in 7 ms
2021-04-19 09:11:02.018  INFO 50372 --- [nio-8889-exec-1] platform.MainController                  : endPoint=code
?[1;31m
Start test 2?[0m
]]></system-out>
  <system-err><![CDATA[]]></system-err>
</testsuite>
